<!DOCTYPE html PUBLIC "-//W3C//DTD XHTML 1.1//EN" "http://www.w3.org/TR/xhtml11/DTD/xhtml11.dtd">
<html xmlns="http://www.w3.org/1999/xhtml"><head><title>TestNG Report</title><style type="text/css">table {margin-bottom:10px;border-collapse:collapse;empty-cells:show}th,td {border:1px solid #009;padding:.25em .5em}th {vertical-align:bottom}td {vertical-align:top}table a {font-weight:bold}.stripe td {background-color: #E6EBF9}.num {text-align:right}.passedodd td {background-color: #3F3}.passedeven td {background-color: #0A0}.skippedodd td {background-color: #DDD}.skippedeven td {background-color: #CCC}.failedodd td,.attn {background-color: #F33}.failedeven td,.stripe .attn {background-color: #D00}.stacktrace {white-space:pre;font-family:monospace}.totop {font-size:85%;text-align:center;border-bottom:2px solid #000}</style></head><body><table><tr><th>Test</th><th># Passed</th><th># Skipped</th><th># Failed</th><th>Time (ms)</th><th>Included Groups</th><th>Excluded Groups</th></tr><tr><th colspan="7">Test runner</th></tr><tr><td><a href="#t0">test</a></td><td class="num">0</td><td class="num">0</td><td class="num attn">1</td><td class="num">426,192</td><td></td><td></td></tr></table><table><thead><tr><th>Class</th><th>Method</th><th>Start</th><th>Time (ms)</th></tr></thead><tbody><tr><th colspan="4">Test runner</th></tr></tbody><tbody id="t0"><tr><th colspan="4">test &#8212; failed</th></tr><tr class="failedeven"><td rowspan="1">com.kindred.AppTest</td><td><a href="#m0">run_cukes</a></td><td rowspan="1">1524817914230</td><td rowspan="1">426173</td></tr></tbody></table><h2>test</h2><h3 id="m0">com.kindred.AppTest#run_cukes</h3><table class="result"><tr><th>Messages</th></tr><tr><td><div class="messages">&lt;div &quot;featureFile&quot;&gt;Feature File: mobile&amp;#x2F;interview_mobile_web.feature&lt;/div&gt;<br/>&lt;div &quot;feature&quot;&gt;Feature: Tree test more popular&lt;/div&gt;<br/>&lt;div &quot;scenarioOutline&quot;&gt;Scenario Outline: verify the correct behavior of the search functionality&lt;/div&gt;<br/>&lt;div &quot;result&quot;&gt;And  make click in the icon to search (passed : 13s)&lt;/div&gt;<br/>&lt;div &quot;result&quot;&gt;And  send this text &amp;quot;&amp;lt;textToSearch&amp;gt;&amp;quot; to search (passed : 4s)&lt;/div&gt;<br/>&lt;div &quot;scenario&quot;&gt;Scenario Outline: verify the correct behavior of the search functionality&lt;/div&gt;<br/>&lt;div &quot;result&quot;&gt;Then  verify if the text &amp;quot;&amp;lt;textToSearch&amp;gt;&amp;quot; appear correctly (passed : 8s)&lt;/div&gt;<br/>&lt;div &quot;result&quot;&gt;Given  I detect the enviroment to execute the test (passed : 7s)&lt;/div&gt;<br/>&lt;div &quot;result&quot;&gt;Given  I am on &amp;quot;Blog&amp;quot; landing page (failed : 4s)&lt;/div&gt;<br/>&lt;div &quot;scenarioOutline&quot;&gt;Scenario Outline: verify the footer links&lt;/div&gt;<br/>&lt;div &quot;result&quot;&gt;And  make click in the icon to search (passed : 12s)&lt;/div&gt;<br/>&lt;div &quot;result&quot;&gt;And  send this text &amp;quot;Messi&amp;quot; to search (passed : 3s)&lt;/div&gt;<br/>&lt;div &quot;scenario&quot;&gt;Scenario Outline: verify the footer links&lt;/div&gt;<br/>&lt;div &quot;result&quot;&gt;Then  verify if the text &amp;quot;Messi&amp;quot; appear correctly (passed : 3s)&lt;/div&gt;<br/>&lt;div &quot;result&quot;&gt;And  make click in the link with the text &amp;quot;&amp;lt;textInTheLink&amp;gt;&amp;quot;, and with this index &amp;quot;&amp;lt;index&amp;gt;&amp;quot; in the footer (passed : 4s)&lt;/div&gt;<br/>&lt;div &quot;result&quot;&gt;Then  verify the URL &amp;quot;&amp;lt;url&amp;gt;&amp;quot; and the Title &amp;quot;&amp;lt;title&amp;gt;&amp;quot; of the new web (passed : 12s)&lt;/div&gt;<br/>&lt;div &quot;result&quot;&gt;Given  I detect the enviroment to execute the test (passed : 9s)&lt;/div&gt;<br/>&lt;div &quot;scenario&quot;&gt;Scenario Outline: verify the footer links&lt;/div&gt;<br/>&lt;div &quot;result&quot;&gt;Given  I am on &amp;quot;Blog&amp;quot; landing page (passed : 3s)&lt;/div&gt;<br/>&lt;div &quot;result&quot;&gt;And  make click in the link with the text &amp;quot;Responsible Gaming&amp;quot;, and with this index &amp;quot;2&amp;quot; in the footer (passed : 4s)&lt;/div&gt;<br/>&lt;div &quot;result&quot;&gt;Then  verify the URL &amp;quot;whentostop&amp;quot; and the Title &amp;quot;Responsible&amp;quot; of the new web (passed : 12s)&lt;/div&gt;<br/>&lt;div &quot;result&quot;&gt;Given  I detect the enviroment to execute the test (passed : 8s)&lt;/div&gt;<br/>&lt;div &quot;scenario&quot;&gt;Scenario Outline: verify the footer links&lt;/div&gt;<br/>&lt;div &quot;result&quot;&gt;Given  I am on &amp;quot;Blog&amp;quot; landing page (passed : 2s)&lt;/div&gt;<br/>&lt;div &quot;result&quot;&gt;And  make click in the link with the text &amp;quot;Terms and Conditions&amp;quot;, and with this index &amp;quot;2&amp;quot; in the footer (passed : 4s)&lt;/div&gt;<br/>&lt;div &quot;result&quot;&gt;Then  verify the URL &amp;quot;terms&amp;quot; and the Title &amp;quot;Terms&amp;quot; of the new web (passed : 12s)&lt;/div&gt;<br/>&lt;div &quot;result&quot;&gt;Given  I detect the enviroment to execute the test (passed : 9s)&lt;/div&gt;<br/>&lt;div &quot;scenario&quot;&gt;Scenario Outline: verify the footer links&lt;/div&gt;<br/>&lt;div &quot;result&quot;&gt;Given  I am on &amp;quot;Blog&amp;quot; landing page (passed : 3s)&lt;/div&gt;<br/>&lt;div &quot;result&quot;&gt;And  make click in the link with the text &amp;quot;Security Information&amp;quot;, and with this index &amp;quot;2&amp;quot; in the footer (passed : 4s)&lt;/div&gt;<br/>&lt;div &quot;scenarioOutline&quot;&gt;Scenario Outline: verify the footer links&lt;/div&gt;<br/>&lt;div &quot;result&quot;&gt;Then  verify the URL &amp;quot;security&amp;quot; and the Title &amp;quot;official&amp;quot; of the new web (passed : 12s)&lt;/div&gt;<br/>&lt;div &quot;result&quot;&gt;Given  I detect the enviroment to execute the test (passed : 4s)&lt;/div&gt;<br/>&lt;div &quot;scenario&quot;&gt;Scenario Outline: verify the footer links&lt;/div&gt;<br/>&lt;div &quot;result&quot;&gt;Given  I am on &amp;quot;Blog&amp;quot; landing page (passed : 13s)&lt;/div&gt;<br/>&lt;div &quot;result&quot;&gt;And  make click in the link with the text &amp;quot;Cookies&amp;quot;, and with this index &amp;quot;2&amp;quot; in the footer (passed : 4s)&lt;/div&gt;<br/>&lt;div &quot;result&quot;&gt;Then  verify the URL &amp;quot;cookies&amp;quot; and the Title &amp;quot;Cookies&amp;quot; of the new web (passed : 13s)&lt;/div&gt;<br/>&lt;div &quot;result&quot;&gt;And  make click in the link with the text &amp;quot;&amp;lt;textInTheLink&amp;gt;&amp;quot;, and with this index &amp;quot;&amp;lt;index&amp;gt;&amp;quot; in the body carrousel (passed : 4s)&lt;/div&gt;<br/>&lt;div &quot;scenario&quot;&gt;Scenario Outline: verify the footer links&lt;/div&gt;<br/>&lt;div &quot;result&quot;&gt;Then  verify the URL &amp;quot;&amp;lt;url&amp;gt;&amp;quot; and the Title &amp;quot;&amp;lt;title&amp;gt;&amp;quot; of the new web (passed : 6s)&lt;/div&gt;<br/>&lt;div &quot;result&quot;&gt;Given  I detect the enviroment to execute the test (passed : 4s)&lt;/div&gt;<br/>&lt;div &quot;result&quot;&gt;Given  I am on &amp;quot;Blog&amp;quot; landing page (passed : 12s)&lt;/div&gt;<br/>&lt;div &quot;result&quot;&gt;And  make click in the link with the text &amp;quot;Sports&amp;quot;, and with this index &amp;quot;1&amp;quot; in the body carrousel (passed : 8s)&lt;/div&gt;<br/>&lt;div &quot;scenario&quot;&gt;Scenario Outline: verify the footer links&lt;/div&gt;<br/>&lt;div &quot;result&quot;&gt;Then  verify the URL &amp;quot;betting&amp;quot; and the Title &amp;quot;Sports&amp;quot; of the new web (passed : 4s)&lt;/div&gt;<br/>&lt;div &quot;result&quot;&gt;Given  I detect the enviroment to execute the test (passed : 4s)&lt;/div&gt;<br/>&lt;div &quot;result&quot;&gt;Given  I am on &amp;quot;Blog&amp;quot; landing page (passed : 12s)&lt;/div&gt;<br/>&lt;div &quot;result&quot;&gt;And  make click in the link with the text &amp;quot;Casino&amp;quot;, and with this index &amp;quot;1&amp;quot; in the body carrousel (passed : 9s)&lt;/div&gt;<br/>&lt;div &quot;scenario&quot;&gt;Scenario Outline: verify the footer links&lt;/div&gt;<br/>&lt;div &quot;result&quot;&gt;Then  verify the URL &amp;quot;casino&amp;quot; and the Title &amp;quot;Casino&amp;quot; of the new web (passed : 5s)&lt;/div&gt;<br/>&lt;div &quot;result&quot;&gt;Given  I detect the enviroment to execute the test (passed : 4s)&lt;/div&gt;<br/>&lt;div &quot;result&quot;&gt;Given  I am on &amp;quot;Blog&amp;quot; landing page (passed : 12s)&lt;/div&gt;<br/>&lt;div &quot;result&quot;&gt;And  make click in the link with the text &amp;quot;Live Casino&amp;quot;, and with this index &amp;quot;1&amp;quot; in the body carrousel (passed : 3s)&lt;/div&gt;<br/>&lt;div &quot;scenario&quot;&gt;Scenario Outline: verify the footer links&lt;/div&gt;<br/>&lt;div &quot;result&quot;&gt;Then  verify the URL &amp;quot;casino&amp;quot; and the Title &amp;quot;Casino&amp;quot; of the new web (passed : 6s)&lt;/div&gt;<br/>&lt;div &quot;result&quot;&gt;Given  I detect the enviroment to execute the test (passed : 4s)&lt;/div&gt;<br/>&lt;div &quot;result&quot;&gt;Given  I am on &amp;quot;Blog&amp;quot; landing page (passed : 12s)&lt;/div&gt;<br/>&lt;div &quot;result&quot;&gt;And  make click in the link with the text &amp;quot;Bingo&amp;quot;, and with this index &amp;quot;1&amp;quot; in the body carrousel (passed : 9s)&lt;/div&gt;<br/>&lt;div &quot;scenario&quot;&gt;Scenario Outline: verify the footer links&lt;/div&gt;<br/>&lt;div &quot;result&quot;&gt;Then  verify the URL &amp;quot;bingo&amp;quot; and the Title &amp;quot;Bingo&amp;quot; of the new web (passed : 3s)&lt;/div&gt;<br/>&lt;div &quot;result&quot;&gt;Given  I detect the enviroment to execute the test (passed : 4s)&lt;/div&gt;<br/>&lt;div &quot;result&quot;&gt;Given  I am on &amp;quot;Blog&amp;quot; landing page (passed : 12s)&lt;/div&gt;<br/>&lt;div &quot;result&quot;&gt;And  make click in the link with the text &amp;quot;Lottery Betting&amp;quot;, and with this index &amp;quot;1&amp;quot; in the body carrousel (passed : 10s)&lt;/div&gt;<br/>&lt;div &quot;scenario&quot;&gt;Scenario Outline: verify the footer links&lt;/div&gt;<br/>&lt;div &quot;result&quot;&gt;Then  verify the URL &amp;quot;lotto&amp;quot; and the Title &amp;quot;Lottery&amp;quot; of the new web (failed : 0s)&lt;/div&gt;<br/>&lt;div &quot;result&quot;&gt;Given  I detect the enviroment to execute the test (skipped)&lt;/div&gt;<br/>&lt;div &quot;result&quot;&gt;Given  I am on &amp;quot;Blog&amp;quot; landing page (passed : 12s)&lt;/div&gt;<br/>&lt;div &quot;result&quot;&gt;And  make click in the link with the text &amp;quot;Poker&amp;quot;, and with this index &amp;quot;1&amp;quot; in the body carrousel (passed : 4s)&lt;/div&gt;<br/>&lt;div &quot;scenario&quot;&gt;Scenario Outline: verify the footer links&lt;/div&gt;<br/>&lt;div &quot;result&quot;&gt;Then  verify the URL &amp;quot;poker&amp;quot; and the Title &amp;quot;Poker&amp;quot; of the new web (passed : 5s)&lt;/div&gt;<br/>&lt;div &quot;result&quot;&gt;Given  I detect the enviroment to execute the test (passed : 4s)&lt;/div&gt;<br/>&lt;div &quot;result&quot;&gt;Given  I am on &amp;quot;Blog&amp;quot; landing page (passed : 12s)&lt;/div&gt;<br/>&lt;div &quot;result&quot;&gt;And  make click in the link with the text &amp;quot;Blog&amp;quot;, and with this index &amp;quot;1&amp;quot; in the body carrousel (passed : 10s)&lt;/div&gt;<br/>&lt;div &quot;scenario&quot;&gt;Scenario Outline: verify the footer links&lt;/div&gt;<br/>&lt;div &quot;result&quot;&gt;Then  verify the URL &amp;quot;blog&amp;quot; and the Title &amp;quot;Blog&amp;quot; of the new web (passed : 3s)&lt;/div&gt;<br/>&lt;div &quot;result&quot;&gt;Given  I detect the enviroment to execute the test (passed : 4s)&lt;/div&gt;</div></td></tr><tr><th>Exception</th></tr><tr><td><div class="stacktrace">cucumber.runtime.CucumberException: java.lang.AssertionError: Appear a problem, is not possible to find some text in the paragraph expected [true] but found [false]
	at cucumber.api.testng.TestNGCucumberRunner.runCukes(TestNGCucumberRunner.java:48)
	at cucumber.api.testng.AbstractTestNGCucumberTests.run_cukes(AbstractTestNGCucumberTests.java:14)
	at cucumber.api.testng.AbstractTestNGCucumberTests.run(AbstractTestNGCucumberTests.java:19)
	at java.util.concurrent.FutureTask.run(FutureTask.java:266)
	at java.util.concurrent.ThreadPoolExecutor.runWorker(ThreadPoolExecutor.java:1149)
	at java.util.concurrent.ThreadPoolExecutor$Worker.run(ThreadPoolExecutor.java:624)
	at java.lang.Thread.run(Thread.java:748)
Caused by: java.lang.AssertionError: Appear a problem, is not possible to find some text in the paragraph expected [true] but found [false]
	at com.kindred.steps.Steps.verifyIfATextAppearCorrectlyDisplayed(Steps.java:26)
	at âœ½.Then verify if the text &quot;Messi&quot; appear correctly(mobile/interview_mobile_web.feature:11)
... Removed 21 stack frames</div></td></tr></table><p class="totop"><a href="#summary">back to summary</a></p></body></html>